[    0.000000] Linux version 4.15.0-162-generic (buildd@lcy01-amd64-007) (gcc version 7.5.0 (Ubuntu 7.5.0-3ubuntu1~18.04)) #170-Ubuntu SMP Mon Oct 18 11:38:05 UTC 2021 (Ubuntu 4.15.0-162.170-generic 4.15.18)
[    0.000000] Command line: BOOT_IMAGE=/boot/vmlinuz-4.15.0-162-generic root=LABEL=cloudimg-rootfs ro console=tty1 console=ttyS0
[    0.000000] KERNEL supported cpus:
[    0.000000]   Intel GenuineIntel
[    0.000000]   AMD AuthenticAMD
[    0.000000]   Centaur CentaurHauls
[    0.000000] x86/fpu: Supporting XSAVE feature 0x001: 'x87 floating point registers'
[    0.000000] x86/fpu: Supporting XSAVE feature 0x002: 'SSE registers'
[    0.000000] x86/fpu: Supporting XSAVE feature 0x004: 'AVX registers'
[    0.000000] x86/fpu: xstate_offset[2]:  576, xstate_sizes[2]:  256
[    0.000000] x86/fpu: Enabled xstate features 0x7, context size is 832 bytes, using 'standard' format.
[    0.000000] e820: BIOS-provided physical RAM map:
[    0.000000] BIOS-e820: [mem 0x0000000000000000-0x000000000009fbff] usable
[    0.000000] BIOS-e820: [mem 0x000000000009fc00-0x000000000009ffff] reserved
[    0.000000] BIOS-e820: [mem 0x00000000000f0000-0x00000000000fffff] reserved
[    0.000000] BIOS-e820: [mem 0x0000000000100000-0x000000003ffeffff] usable
[    0.000000] BIOS-e820: [mem 0x000000003fff0000-0x000000003fffffff] ACPI data
[    0.000000] BIOS-e820: [mem 0x00000000fec00000-0x00000000fec00fff] reserved
[    0.000000] BIOS-e820: [mem 0x00000000fee00000-0x00000000fee00fff] reserved
[    0.000000] BIOS-e820: [mem 0x00000000fffc0000-0x00000000ffffffff] reserved
[    0.000000] NX (Execute Disable) protection: active
[    0.000000] SMBIOS 2.5 present.
[    0.000000] DMI: innotek GmbH VirtualBox/VirtualBox, BIOS VirtualBox 12/01/2006
[    0.000000] Hypervisor detected: KVM
[    0.000000] e820: last_pfn = 0x3fff0 max_arch_pfn = 0x400000000
[    0.000000] MTRR: Disabled
[    0.000000] x86/PAT: MTRRs disabled, skipping PAT initialization too.
[    0.000000] CPU MTRRs all blank - virtualized system.
[    0.000000] x86/PAT: Configuration [0-7]: WB  WT  UC- UC  WB  WT  UC- UC  
[    0.000000] found SMP MP-table at [mem 0x0009fff0-0x0009ffff]
[    0.000000] Scanning 1 areas for low memory corruption
[    0.000000] RAMDISK: [mem 0x359cf000-0x36cdefff]
[    0.000000] ACPI: Early table checksum verification disabled
[    0.000000] ACPI: RSDP 0x00000000000E0000 000024 (v02 VBOX  )
[    0.000000] ACPI: XSDT 0x000000003FFF0030 00003C (v01 VBOX   VBOXXSDT 00000001 ASL  00000061)
[    0.000000] ACPI: FACP 0x000000003FFF00F0 0000F4 (v04 VBOX   VBOXFACP 00000001 ASL  00000061)
[    0.000000] ACPI: DSDT 0x000000003FFF0470 002325 (v02 VBOX   VBOXBIOS 00000002 INTL 20100528)
[    0.000000] ACPI: FACS 0x000000003FFF0200 000040
[    0.000000] ACPI: FACS 0x000000003FFF0200 000040
[    0.000000] ACPI: APIC 0x000000003FFF0240 00005C (v02 VBOX   VBOXAPIC 00000001 ASL  00000061)
[    0.000000] ACPI: SSDT 0x000000003FFF02A0 0001CC (v01 VBOX   VBOXCPUT 00000002 INTL 20100528)
[    0.000000] ACPI: Reserving FACP table memory at [mem 0x3fff00f0-0x3fff01e3]
[    0.000000] ACPI: Reserving DSDT table memory at [mem 0x3fff0470-0x3fff2794]
[    0.000000] ACPI: Reserving FACS table memory at [mem 0x3fff0200-0x3fff023f]
[    0.000000] ACPI: Reserving FACS table memory at [mem 0x3fff0200-0x3fff023f]
[    0.000000] ACPI: Reserving APIC table memory at [mem 0x3fff0240-0x3fff029b]
[    0.000000] ACPI: Reserving SSDT table memory at [mem 0x3fff02a0-0x3fff046b]
[    0.000000] No NUMA configuration found
[    0.000000] Faking a node at [mem 0x0000000000000000-0x000000003ffeffff]
[    0.000000] NODE_DATA(0) allocated [mem 0x3ffc5000-0x3ffeffff]
[    0.000000] kvm-clock: cpu 0, msr 0:3ff44001, primary cpu clock
[    0.000000] kvm-clock: Using msrs 4b564d01 and 4b564d00
[    0.000000] kvm-clock: using sched offset of 4100294366 cycles
[    0.000000] clocksource: kvm-clock: mask: 0xffffffffffffffff max_cycles: 0x1cd42e4dffb, max_idle_ns: 881590591483 ns
[    0.000000] Zone ranges:
[    0.000000]   DMA      [mem 0x0000000000001000-0x0000000000ffffff]
[    0.000000]   DMA32    [mem 0x0000000001000000-0x000000003ffeffff]
[    0.000000]   Normal   empty
[    0.000000]   Device   empty
[    0.000000] Movable zone start for each node
[    0.000000] Early memory node ranges
[    0.000000]   node   0: [mem 0x0000000000001000-0x000000000009efff]
[    0.000000]   node   0: [mem 0x0000000000100000-0x000000003ffeffff]
[    0.000000] Reserved but unavailable: 104 pages
[    0.000000] Initmem setup node 0 [mem 0x0000000000001000-0x000000003ffeffff]
[    0.000000] ACPI: PM-Timer IO Port: 0x4008
[    0.000000] IOAPIC[0]: apic_id 2, version 32, address 0xfec00000, GSI 0-23
[    0.000000] ACPI: INT_SRC_OVR (bus 0 bus_irq 0 global_irq 2 dfl dfl)
[    0.000000] ACPI: INT_SRC_OVR (bus 0 bus_irq 9 global_irq 9 low level)
[    0.000000] Using ACPI (MADT) for SMP configuration information
[    0.000000] smpboot: Allowing 2 CPUs, 0 hotplug CPUs
[    0.000000] PM: Registered nosave memory: [mem 0x00000000-0x00000fff]
[    0.000000] PM: Registered nosave memory: [mem 0x0009f000-0x0009ffff]
[    0.000000] PM: Registered nosave memory: [mem 0x000a0000-0x000effff]
[    0.000000] PM: Registered nosave memory: [mem 0x000f0000-0x000fffff]
[    0.000000] e820: [mem 0x40000000-0xfebfffff] available for PCI devices
[    0.000000] Booting paravirtualized kernel on KVM
[    0.000000] clocksource: refined-jiffies: mask: 0xffffffff max_cycles: 0xffffffff, max_idle_ns: 7645519600211568 ns
[    0.000000] random: get_random_bytes called from start_kernel+0x99/0x500 with crng_init=0
[    0.000000] setup_percpu: NR_CPUS:8192 nr_cpumask_bits:2 nr_cpu_ids:2 nr_node_ids:1
[    0.000000] percpu: Embedded 45 pages/cpu s147456 r8192 d28672 u1048576
[    0.000000] PV qspinlock hash table entries: 256 (order: 0, 4096 bytes)
[    0.000000] Built 1 zonelists, mobility grouping on.  Total pages: 257913
[    0.000000] Policy zone: DMA32
[    0.000000] Kernel command line: BOOT_IMAGE=/boot/vmlinuz-4.15.0-162-generic root=LABEL=cloudimg-rootfs ro console=tty1 console=ttyS0
[    0.000000] Memory: 982716K/1048120K available (12300K kernel code, 2483K rwdata, 4320K rodata, 2448K init, 2724K bss, 65404K reserved, 0K cma-reserved)
[    0.000000] SLUB: HWalign=64, Order=0-3, MinObjects=0, CPUs=2, Nodes=1
[    0.000000] Kernel/User page tables isolation: enabled
[    0.000000] ftrace: allocating 39475 entries in 155 pages
[    0.004000] Hierarchical RCU implementation.
[    0.004000] 	RCU restricting CPUs from NR_CPUS=8192 to nr_cpu_ids=2.
[    0.004000] 	Tasks RCU enabled.
[    0.004000] RCU: Adjusting geometry for rcu_fanout_leaf=16, nr_cpu_ids=2
[    0.004000] NR_IRQS: 524544, nr_irqs: 440, preallocated irqs: 16
[    0.004000] Console: colour VGA+ 80x25
[    0.004000] console [tty1] enabled
[    0.004000] console [ttyS0] enabled
[    0.004000] ACPI: Core revision 20170831
[    0.004000] ACPI: 2 ACPI AML tables successfully acquired and loaded
[    0.004000] APIC: Switch to symmetric I/O mode setup
[    0.004000] x2apic enabled
[    0.004000] Switched APIC routing to physical x2apic.
[    0.005884] ..TIMER: vector=0x30 apic1=0 pin1=2 apic2=-1 pin2=-1
[    0.008003] tsc: Detected 2400.002 MHz processor
[    0.009462] Calibrating delay loop (skipped) preset value.. 4800.00 BogoMIPS (lpj=9600008)
[    0.012006] pid_max: default: 32768 minimum: 301
[    0.013530] Security Framework initialized
[    0.016005] Yama: becoming mindful.
[    0.017156] AppArmor: AppArmor initialized
[    0.020076] Dentry cache hash table entries: 131072 (order: 8, 1048576 bytes)
[    0.024086] Inode-cache hash table entries: 65536 (order: 7, 524288 bytes)
[    0.026133] Mount-cache hash table entries: 2048 (order: 2, 16384 bytes)
[    0.028009] Mountpoint-cache hash table entries: 2048 (order: 2, 16384 bytes)
[    0.032013] Last level iTLB entries: 4KB 64, 2MB 8, 4MB 8
[    0.033693] Last level dTLB entries: 4KB 64, 2MB 0, 4MB 0, 1GB 4
[    0.035620] Spectre V1 : Mitigation: usercopy/swapgs barriers and __user pointer sanitization
[    0.036004] Spectre V2 : Mitigation: Full generic retpoline
[    0.037938] Spectre V2 : Spectre v2 / SpectreRSB mitigation: Filling RSB on context switch
[    0.040004] Speculative Store Bypass: Vulnerable
[    0.044104] SRBDS: Unknown: Dependent on hypervisor status
[    0.045947] MDS: Mitigation: Clear CPU buffers
[    0.048220] Freeing SMP alternatives memory: 36K
[    0.160184] smpboot: CPU0: Intel(R) Core(TM) i5-6200U CPU @ 2.30GHz (family: 0x6, model: 0x4e, stepping: 0x3)
[    0.163432] Performance Events: unsupported p6 CPU model 78 no PMU driver, software events only.
[    0.164048] Hierarchical SRCU implementation.
[    0.168623] NMI watchdog: Perf event create on CPU 0 failed with -2
[    0.170658] NMI watchdog: Perf NMI watchdog permanently disabled
[    0.172066] smp: Bringing up secondary CPUs ...
[    0.173781] x86: Booting SMP configuration:
[    0.176003] .... node  #0, CPUs:      #1
[    0.004000] kvm-clock: cpu 1, msr 0:3ff44041, secondary cpu clock
[    0.183363] smp: Brought up 1 node, 2 CPUs
[    0.184005] smpboot: Max logical packages: 1
[    0.185418] smpboot: Total of 2 processors activated (9600.00 BogoMIPS)
[    0.188128] devtmpfs: initialized
[    0.189123] x86/mm: Memory block size: 128MB
[    0.190682] evm: security.selinux
[    0.192004] evm: security.SMACK64
[    0.193233] evm: security.SMACK64EXEC
[    0.194647] evm: security.SMACK64TRANSMUTE
[    0.196003] evm: security.SMACK64MMAP
[    0.197269] evm: security.apparmor
[    0.198575] evm: security.ima
[    0.200017] evm: security.capability
[    0.201395] clocksource: jiffies: mask: 0xffffffff max_cycles: 0xffffffff, max_idle_ns: 7645041785100000 ns
[    0.204032] futex hash table entries: 512 (order: 3, 32768 bytes)
[    0.206123] pinctrl core: initialized pinctrl subsystem
[    0.212164] RTC time: 12:51:23, date: 11/10/21
[    0.213804] NET: Registered protocol family 16
[    0.216042] audit: initializing netlink subsys (disabled)
[    0.217917] audit: type=2000 audit(1636548688.567:1): state=initialized audit_enabled=0 res=1
[    0.220014] cpuidle: using governor ladder
[    0.221629] cpuidle: using governor menu
[    0.223035] ACPI: bus type PCI registered
[    0.224006] acpiphp: ACPI Hot Plug PCI Controller Driver version: 0.5
[    0.228032] PCI: Using configuration type 1 for base access
[    0.230066] HugeTLB registered 2.00 MiB page size, pre-allocated 0 pages
[    0.232075] ACPI: Added _OSI(Module Device)
[    0.233645] ACPI: Added _OSI(Processor Device)
[    0.236004] ACPI: Added _OSI(3.0 _SCP Extensions)
[    0.237893] ACPI: Added _OSI(Processor Aggregator Device)
[    0.240016] ACPI: Added _OSI(Linux-Dell-Video)
[    0.241342] ACPI: Added _OSI(Linux-Lenovo-NV-HDMI-Audio)
[    0.244003] ACPI: Added _OSI(Linux-HPI-Hybrid-Graphics)
[    0.246249] ACPI: Executed 1 blocks of module-level executable AML code
[    0.254477] ACPI: Interpreter enabled
[    0.256000] ACPI: (supports S0 S5)
[    0.256004] ACPI: Using IOAPIC for interrupt routing
[    0.260449] PCI: Using host bridge windows from ACPI; if necessary, use "pci=nocrs" and report a bug
[    0.264259] ACPI: Enabled 2 GPEs in block 00 to 07
[    0.277429] ACPI: PCI Root Bridge [PCI0] (domain 0000 [bus 00-ff])
[    0.280013] acpi PNP0A03:00: _OSC: OS supports [ASPM ClockPM Segments MSI]
[    0.284597] acpi PNP0A03:00: _OSC: not requesting OS control; OS requires [ExtendedConfig ASPM ClockPM MSI]
[    0.288050] acpi PNP0A03:00: fail to add MMCONFIG information, can't access extended PCI configuration space under this bridge.
[    0.292805] PCI host bridge to bus 0000:00
[    0.296011] pci_bus 0000:00: root bus resource [io  0x0000-0x0cf7 window]
[    0.300013] pci_bus 0000:00: root bus resource [io  0x0d00-0xffff window]
[    0.304014] pci_bus 0000:00: root bus resource [mem 0x000a0000-0x000bffff window]
[    0.308011] pci_bus 0000:00: root bus resource [mem 0x40000000-0xfdffffff window]
[    0.312013] pci_bus 0000:00: root bus resource [bus 00-ff]
[    0.319900] pci 0000:00:01.1: legacy IDE quirk: reg 0x10: [io  0x01f0-0x01f7]
[    0.320010] pci 0000:00:01.1: legacy IDE quirk: reg 0x14: [io  0x03f6]
[    0.324009] pci 0000:00:01.1: legacy IDE quirk: reg 0x18: [io  0x0170-0x0177]
[    0.326756] pci 0000:00:01.1: legacy IDE quirk: reg 0x1c: [io  0x0376]
[    0.353764] pci 0000:00:07.0: quirk: [io  0x4000-0x403f] claimed by PIIX4 ACPI
[    0.356029] pci 0000:00:07.0: quirk: [io  0x4100-0x410f] claimed by PIIX4 SMB
[    0.369927] ACPI: PCI Interrupt Link [LNKA] (IRQs 5 9 10 *11)
[    0.372508] ACPI: PCI Interrupt Link [LNKB] (IRQs 5 9 *10 11)
[    0.375341] ACPI: PCI Interrupt Link [LNKC] (IRQs 5 *9 10 11)
[    0.376302] ACPI: PCI Interrupt Link [LNKD] (IRQs 5 9 10 *11)
[    0.380565] SCSI subsystem initialized
[    0.381904] pci 0000:00:02.0: vgaarb: setting as boot VGA device
[    0.382280] pci 0000:00:02.0: vgaarb: VGA device added: decodes=io+mem,owns=io+mem,locks=none
[    0.384008] pci 0000:00:02.0: vgaarb: bridge control possible
[    0.388003] vgaarb: loaded
[    0.388970] ACPI: bus type USB registered
[    0.390299] usbcore: registered new interface driver usbfs
[    0.392013] usbcore: registered new interface driver hub
[    0.393772] usbcore: registered new device driver usb
[    0.396069] EDAC MC: Ver: 3.0.0
[    0.397879] PCI: Using ACPI for IRQ routing
[    0.400489] NetLabel: Initializing
[    0.402060] NetLabel:  domain hash size = 128
[    0.404003] NetLabel:  protocols = UNLABELED CIPSOv4 CALIPSO
[    0.405728] NetLabel:  unlabeled traffic allowed by default
[    0.408101] clocksource: Switched to clocksource kvm-clock
[    0.434855] VFS: Disk quotas dquot_6.6.0
[    0.436758] VFS: Dquot-cache hash table entries: 512 (order 0, 4096 bytes)
[    0.439068] AppArmor: AppArmor Filesystem Enabled
[    0.440695] pnp: PnP ACPI init
[    0.443415] pnp: PnP ACPI: found 3 devices
[    0.454292] clocksource: acpi_pm: mask: 0xffffff max_cycles: 0xffffff, max_idle_ns: 2085701024 ns
[    0.457309] NET: Registered protocol family 2
[    0.458743] IP idents hash table entries: 16384 (order: 5, 131072 bytes)
[    0.464814] TCP established hash table entries: 8192 (order: 4, 65536 bytes)
[    0.467123] TCP bind hash table entries: 8192 (order: 5, 131072 bytes)
[    0.469339] TCP: Hash tables configured (established 8192 bind 8192)
[    0.471293] UDP hash table entries: 512 (order: 2, 16384 bytes)
[    0.473236] UDP-Lite hash table entries: 512 (order: 2, 16384 bytes)
[    0.475701] NET: Registered protocol family 1
[    0.477091] pci 0000:00:00.0: Limiting direct PCI/PCI transfers
[    0.479038] pci 0000:00:01.0: Activating ISA DMA hang workarounds
[    0.481136] pci 0000:00:02.0: Video device with shadowed ROM at [mem 0x000c0000-0x000dffff]
[    0.483878] Unpacking initramfs...
[    0.913591] Freeing initrd memory: 19520K
[    0.915096] clocksource: tsc: mask: 0xffffffffffffffff max_cycles: 0x22983938a92, max_idle_ns: 440795216168 ns
[    0.918363] platform rtc_cmos: registered platform RTC device (no PNP device found)
[    0.920884] Scanning for low memory corruption every 60 seconds
[    0.923465] Initialise system trusted keyrings
[    0.924991] Key type blacklist registered
[    0.926596] workingset: timestamp_bits=36 max_order=18 bucket_order=0
[    0.929825] zbud: loaded
[    0.931449] squashfs: version 4.0 (2009/01/31) Phillip Lougher
[    0.933730] fuse init (API version 7.26)
[    0.938136] Key type asymmetric registered
[    0.939557] Asymmetric key parser 'x509' registered
[    0.941406] Block layer SCSI generic (bsg) driver version 0.4 loaded (major 246)
[    0.944029] io scheduler noop registered
[    0.945233] io scheduler deadline registered
[    0.946640] io scheduler cfq registered (default)
[    0.948593] ACPI: AC Adapter [AC] (on-line)
[    0.950117] input: Power Button as /devices/LNXSYSTM:00/LNXPWRBN:00/input/input0
[    0.953353] ACPI: Power Button [PWRF]
[    0.954768] input: Sleep Button as /devices/LNXSYSTM:00/LNXSLPBN:00/input/input1
[    0.957621] ACPI: Sleep Button [SLPF]
[    0.959715] Serial: 8250/16550 driver, 32 ports, IRQ sharing enabled
[    0.983137] 00:02: ttyS0 at I/O 0x3f8 (irq = 4, base_baud = 115200) is a 16550A
[    0.992822] Linux agpgart interface v0.103
[    0.996932] loop: module loaded
[    0.998828] scsi host0: ata_piix
[    1.000365] scsi host1: ata_piix
[    1.001599] ata1: PATA max UDMA/33 cmd 0x1f0 ctl 0x3f6 bmdma 0xd000 irq 14
[    1.003891] ata2: PATA max UDMA/33 cmd 0x170 ctl 0x376 bmdma 0xd008 irq 15
[    1.006427] libphy: Fixed MDIO Bus: probed
[    1.008018] tun: Universal TUN/TAP device driver, 1.6
[    1.010448] PPP generic driver version 2.4.2
[    1.012246] ehci_hcd: USB 2.0 'Enhanced' Host Controller (EHCI) Driver
[    1.014507] ehci-pci: EHCI PCI platform driver
[    1.016017] ehci-platform: EHCI generic platform driver
[    1.017930] ohci_hcd: USB 1.1 'Open' Host Controller (OHCI) Driver
[    1.019917] ohci-pci: OHCI PCI platform driver
[    1.021705] ohci-platform: OHCI generic platform driver
[    1.023678] uhci_hcd: USB Universal Host Controller Interface driver
[    1.025985] i8042: PNP: PS/2 Controller [PNP0303:PS2K,PNP0f03:PS2M] at 0x60,0x64 irq 1,12
[    1.029265] serio: i8042 KBD port at 0x60,0x64 irq 1
[    1.031085] serio: i8042 AUX port at 0x60,0x64 irq 12
[    1.033521] mousedev: PS/2 mouse device common for all mice
[    1.036704] input: AT Translated Set 2 keyboard as /devices/platform/i8042/serio0/input/input2
[    1.039797] rtc_cmos rtc_cmos: rtc core: registered rtc_cmos as rtc0
[    1.042077] rtc_cmos rtc_cmos: alarms up to one day, 114 bytes nvram
[    1.044221] i2c /dev entries driver
[    1.045634] device-mapper: uevent: version 1.0.3
[    1.047378] device-mapper: ioctl: 4.37.0-ioctl (2017-09-20) initialised: dm-devel@redhat.com
[    1.050308] ledtrig-cpu: registered to indicate activity on CPUs
[    1.052902] NET: Registered protocol family 10
[    1.061100] Segment Routing with IPv6
[    1.062456] NET: Registered protocol family 17
[    1.064317] Key type dns_resolver registered
[    1.066287] mce: Using 0 MCE banks
[    1.067739] RAS: Correctable Errors collector initialized.
[    1.069710] sched_clock: Marking stable (1069677605, 0)->(1358192781, -288515176)
[    1.073424] registered taskstats version 1
[    1.075002] Loading compiled-in X.509 certificates
[    1.080478] Loaded X.509 cert 'Build time autogenerated kernel key: ebed311aedd59d9a851620769f4a146e4e1d43c6'
[    1.084728] Loaded X.509 cert 'Canonical Ltd. Live Patch Signing: 14df34d1a87cf37625abec039ef2bf521249b969'
[    1.088942] Loaded X.509 cert 'Canonical Ltd. Kernel Module Signing: 88f752e560a1e0737e31163a466ad7b70a850c19'
[    1.092231] zswap: loaded using pool lzo/zbud
[    1.099667] Key type big_key registered
[    1.101200] Key type trusted registered
[    1.105301] Key type encrypted registered
[    1.106688] AppArmor: AppArmor sha1 policy hashing enabled
[    1.108521] ima: No TPM chip found, activating TPM-bypass! (rc=-19)
[    1.111188] ima: Allocated hash algorithm: sha1
[    1.112938] evm: HMAC attrs: 0x1
[    1.114379]   Magic number: 13:393:885
[    1.115829] rtc_cmos rtc_cmos: setting system clock to 2021-11-10 12:51:24 UTC (1636548684)
[    1.119294] BIOS EDD facility v0.16 2004-Jun-25, 0 devices found
[    1.121348] EDD information not available.
[    1.192449] Freeing unused kernel image memory: 2448K
[    1.204080] Write protecting the kernel read-only data: 20480k
[    1.206945] Freeing unused kernel image memory: 2008K
[    1.209284] Freeing unused kernel image memory: 1824K
[    1.222499] x86/mm: Checked W+X mappings: passed, no W+X pages found.
[    1.224861] x86/mm: Checking user space page tables
[    1.237978] x86/mm: Checked W+X mappings: passed, no W+X pages found.
Loading, please wait...
starting version 237
[    1.328986] Fusion MPT base driver 3.04.20
[    1.330977] Copyright (c) 1999-2008 LSI Corporation
[    1.359511] e1000: Intel(R) PRO/1000 Network Driver - version 7.3.21-k8-NAPI
[    1.362948] e1000: Copyright (c) 1999-2006 Intel Corporation.
[    1.383725] AVX2 version of gcm_enc/dec engaged.
[    1.385689] AES CTR mode by8 optimization enabled
[    1.399091] Fusion MPT SPI Host driver 3.04.20
[    1.574003] input: ImExPS/2 Generic Explorer Mouse as /devices/platform/i8042/serio1/input/input4
[    1.823062] e1000 0000:00:03.0 eth0: (PCI:33MHz:32-bit) 02:10:52:19:d1:7d
[    1.825877] e1000 0000:00:03.0 eth0: Intel(R) PRO/1000 Network Connection
[    1.829421] mptbase: ioc0: Initiating bringup
[    1.831147] e1000 0000:00:03.0 enp0s3: renamed from eth0
[    1.928340] ioc0: LSI53C1030 A0: Capabilities={Initiator}
[    2.182422] scsi host2: ioc0: LSI53C1030 A0, FwRev=00000000h, Ports=1, MaxQ=256, IRQ=20
[    2.356836] scsi 2:0:0:0: Direct-Access     VBOX     HARDDISK         1.0  PQ: 0 ANSI: 5
[    2.388115] scsi target2:0:0: Beginning Domain Validation
[    2.393476] scsi target2:0:0: Domain Validation skipping write tests
[    2.395330] scsi target2:0:0: Ending Domain Validation
[    2.397485] scsi target2:0:0: asynchronous
[    2.399717] scsi 2:0:1:0: Direct-Access     VBOX     HARDDISK         1.0  PQ: 0 ANSI: 5
[    2.436644] scsi target2:0:1: Beginning Domain Validation
[    2.440844] random: fast init done
[    2.443869] scsi target2:0:1: Domain Validation skipping write tests
[    2.449286] scsi target2:0:1: Ending Domain Validation
[    2.451627] scsi target2:0:1: asynchronous
[    2.461470] random: systemd-udevd: uninitialized urandom read (16 bytes read)
[    2.463618] random: systemd-udevd: uninitialized urandom read (16 bytes read)
[    2.466119] random: systemd-udevd: uninitialized urandom read (16 bytes read)
[    2.469056] sd 2:0:0:0: Attached scsi generic sg0 type 0
[    2.469094] sd 2:0:0:0: [sda] 83886080 512-byte logical blocks: (42.9 GB/40.0 GiB)
[    2.475093] sd 2:0:0:0: [sda] Write Protect is off
[    2.477386] sd 2:0:1:0: Attached scsi generic sg1 type 0
[    2.479479] sd 2:0:0:0: [sda] Incomplete mode parameter data
[    2.479497] sd 2:0:1:0: [sdb] 20480 512-byte logical blocks: (10.5 MB/10.0 MiB)
[    2.482044] sd 2:0:0:0: [sda] Assuming drive cache: write through
[    2.483518]  sda: sda1
[    2.487692] sd 2:0:1:0: [sdb] Write Protect is off
[    2.489342] sd 2:0:0:0: [sda] Attached SCSI disk
[    2.493175] sd 2:0:1:0: [sdb] Incomplete mode parameter data
[    2.495018] sd 2:0:1:0: [sdb] Assuming drive cache: write through
[    2.502417] sd 2:0:1:0: [sdb] Attached SCSI disk
Begin: Loading essential drivers ... [    4.296194] raid6: sse2x1   gen()  8478 MB/s
[    4.344187] raid6: sse2x1   xor()  6419 MB/s
[    4.393979] raid6: sse2x2   gen() 10175 MB/s
[    4.440184] raid6: sse2x2   xor()  7303 MB/s
[    4.488158] raid6: sse2x4   gen() 12617 MB/s
[    4.536181] raid6: sse2x4   xor()  7570 MB/s
[    4.584138] raid6: avx2x1   gen() 17870 MB/s
[    4.632116] raid6: avx2x1   xor() 11897 MB/s
[    4.680045] raid6: avx2x2   gen() 19449 MB/s
[    4.728009] raid6: avx2x2   xor() 12411 MB/s
[    4.776116] raid6: avx2x4   gen() 23446 MB/s
[    4.824104] raid6: avx2x4   xor() 11739 MB/s
[    4.825651] raid6: using algorithm avx2x4 gen() 23446 MB/s
[    4.827515] raid6: .... xor() 11739 MB/s, rmw enabled
[    4.829282] raid6: using avx2x2 recovery algorithm
[    4.832900] xor: automatically using best checksumming function   avx       
[    4.837142] async_tx: api initialized (async)
done.
Begin: Running /scripts/init-premount ... done.
Begin: Mounting root file system ... Begin: Running /scripts/local-top ... done.
Begin: Running /scripts/local-premount ... [    4.915170] Btrfs loaded, crc32c=crc32c-intel
Scanning for Btrfs filesystems
done.
Warning: fsck not present, so skipping root file system
[    4.956840] EXT4-fs (sda1): mounted filesystem with ordered data mode. Opts: (null)
done.
Begin: Running /scripts/local-bottom ... done.
Begin: Running /scripts/init-bottom ... done.
[    5.180649] ip_tables: (C) 2000-2006 Netfilter Core Team
[    5.198208] systemd[1]: systemd 237 running in system mode. (+PAM +AUDIT +SELINUX +IMA +APPARMOR +SMACK +SYSVINIT +UTMP +LIBCRYPTSETUP +GCRYPT +GNUTLS +ACL +XZ +LZ4 +SECCOMP +BLKID +ELFUTILS +KMOD -IDN2 +IDN -PCRE2 default-hierarchy=hybrid)
[    5.206605] systemd[1]: Detected virtualization oracle.
[    5.208835] systemd[1]: Detected architecture x86-64.

Welcome to [1mUbuntu 18.04.6 LTS[0m!

[    5.219831] systemd[1]: Set hostname to <ubuntu>.
[    5.226719] systemd[1]: Initializing machine ID from random generator.
[    5.229133] systemd[1]: Installed transient /etc/machine-id file.
[    5.556843] systemd[1]: Reached target User and Group Name Lookups.
[[0;32m  OK  [0m] Reached target User and Group Name Lookups.
[    5.563267] systemd[1]: Created slice System Slice.
[[0;32m  OK  [0m] Created slice System Slice.
[    5.567496] systemd[1]: Listening on Journal Socket.
[[0;32m  OK  [0m] Listening on Journal Socket.
[    5.571987] systemd[1]: Starting Create list of required static device nodes for the current kernel...
         Starting Create list of required st…ce nodes for the current kernel...
         Starting Set the console keyboard layout...
[[0;32m  OK  [0m] Listening on Device-mapper event daemon FIFOs.
[[0;32m  OK  [0m] Created slice system-serial\x2dgetty.slice.
[[0;32m  OK  [0m] Listening on /dev/initctl Compatibility Named Pipe.
         Mounting POSIX Message Queue File System...
[[0;32m  OK  [0m] Listening on Network Service Netlink Socket.
[[0;32m  OK  [0m] Reached target Swap.
[[0;32m  OK  [0m] Set up automount Arbitrary Executab…rmats File System Automount Point.
[[0;32m  OK  [0m] Listening on udev Control Socket.
[[0;32m  OK  [0m] Listening on LVM2 poll daemon socket.
[[0;32m  OK  [0m] Started Forward Password Requests to Wall Directory Watch.
         Starting Load Kernel Modules...
[[0;32m  OK  [0m] Listening on udev Kernel Socket.
         Starting udev Coldplug all Devices...
         Mounting Huge Pages File System...
[[0;32m  OK  [0m] Listening on Journal Socket (/dev/log).
[[0;32m  OK  [0m] Created slice User and Session Slice.
[[0;32m  OK  [0m] Reached target Slices.
         Starting Uncomplicated firewall...
         Mounting Kernel Debug File System...
[    5.650338] Loading iSCSI transport class v2.0-870.
[[0;32m  OK  [0m] Reached target System Time Synchronized.
[[0;32m  OK  [0m] Listening on LVM2 metadata daemon socket.
         Starting Monitoring of LVM2 mirrors…ng dmeventd or progress polling...
[[0;32m  OK  [0m] Listening on Syslog Socket.
[    5.684582] iscsi: registered transport (tcp)
[[0;32m  OK  [0m] Listening on Journal Audit Socket.
         Starting Journal Service...
[[0;32m  OK  [0m] Listening on fsck to fsckd communication Socket.
         Starting File System Check on Root Device...
[[0;32m  OK  [0m] Started Create list of required sta…vice nodes for the current kernel.
[[0;32m  OK  [0m] Mounted POSIX Message Queue File System.
[[0;32m  OK  [0m] Mounted Huge Pages File System.
[[0;32m  OK  [0m] Started Uncomplicated firewall.
[[0;32m  OK  [0m] Mounted Kernel Debug File System.
         Starting Create Static Device Nodes in /dev...
[[0;32m  OK  [0m] Started LVM2 metadata daemon.
[[0;32m  OK  [0m] Started File System Check Daemon to report status.
[[0;32m  OK  [0m] Started udev Coldplug all Devices.
[[0;32m  OK  [0m] Started Journal Service.
[[0;32m  OK  [0m] Started Create Static Device Nodes in /dev.
[    5.825966] iscsi: registered transport (iser)
[[0;32m  OK  [0m] Started Load Kernel Modules.
         Starting Apply Kernel Variables...
         Mounting Kernel Configuration File System...
         Mounting FUSE Control File System...
[[0;32m  OK  [0m] Mounted Kernel Configuration File System.
[[0;32m  OK  [0m] Mounted FUSE Control File System.
[[0;32m  OK  [0m] Started Monitoring of LVM2 mirrors,…sing dmeventd or progress polling.
[[0;32m  OK  [0m] Started Set the console keyboard layout.
[[0;32m  OK  [0m] Started File System Check on Root Device.
         Starting Remount Root and Kernel File Systems...
[[0;32m  OK  [0m] Started Apply Kernel Variables.
[[0;32m  OK  [0m] Started Remount Root and Kernel File Systems.
[[0;32m  OK  [0m] Reached target Local File Systems (Pre).
         Starting Load/Save Random Seed...
         Starting Flush Journal to Persistent Storage...
         Starting udev Kernel Device Manager...
[[0;32m  OK  [0m] Reached target Local File Systems.
         Starting Set console font and keymap...
         Starting AppArmor initialization...
         Starting Tell Plymouth To Write Out Runtime Data...
         Starting Commit a transient machine-id on disk...
         Starting ebtables ruleset management...
[[0;32m  OK  [0m] Started Load/Save Random Seed.
[[0;32m  OK  [0m] Started Set console font and keymap.
[[0;32m  OK  [0m] Started udev Kernel Device Manager.
[[0;32m  OK  [0m] Started Dispatch Password Requests to Console Directory Watch.
[[0;32m  OK  [0m] Reached target Local Encrypted Volumes.
[[0;32m  OK  [0m] Started Tell Plymouth To Write Out Runtime Data.
[[0;32m  OK  [0m] Started Commit a transient machine-id on disk.
[[0;32m  OK  [0m] Started Flush Journal to Persistent Storage.
         Starting Create Volatile Files and Directories...
[[0;32m  OK  [0m] Started Create Volatile Files and Directories.
         Starting Update UTMP about System Boot/Shutdown...
[[0;32m  OK  [0m] Started Update UTMP about System Boot/Shutdown.
[[0;32m  OK  [0m] Started ebtables ruleset management.
[[0;32m  OK  [0m] Found device /dev/ttyS0.
[[0;32m  OK  [0m] Listening on Load/Save RF Kill Switch Status /dev/rfkill Watch.
[[0;32m  OK  [0m] Started AppArmor initialization.
         Starting Load AppArmor profiles managed internally by snapd...
         Starting Initial cloud-init job (pre-networking)...
[[0;32m  OK  [0m] Started Load AppArmor profiles managed internally by snapd.
[   10.367716] cloud-init[581]: Cloud-init v. 21.3-1-g6803368d-0ubuntu1~18.04.4 running 'init-local' at Wed, 10 Nov 2021 12:51:33 +0000. Up 9.79 seconds.
[[0;32m  OK  [0m] Started Initial cloud-init job (pre-networking).
[[0;32m  OK  [0m] Reached target Network (Pre).
         Starting Network Service...
[[0;32m  OK  [0m] Started Network Service.
         Starting Wait for Network to be Configured...
         Starting Network Name Resolution...
[[0;32m  OK  [0m] Started Network Name Resolution.
[[0;32m  OK  [0m] Reached target Network.
[[0;32m  OK  [0m] Reached target Host and Network Name Lookups.
[[0;32m  OK  [0m] Started Wait for Network to be Configured.
         Starting Initial cloud-init job (metadata service crawler)...
[   13.041448] cloud-init[692]: Cloud-init v. 21.3-1-g6803368d-0ubuntu1~18.04.4 running 'init' at Wed, 10 Nov 2021 12:51:36 +0000. Up 12.64 seconds.
[   13.045788] cloud-init[692]: ci-info: ++++++++++++++++++++++++++++++++++++++Net device info++++++++++++++++++++++++++++++++++++++
[   13.048834] cloud-init[692]: ci-info: +--------+------+----------------------------+---------------+--------+-------------------+
[   13.051812] cloud-init[692]: ci-info: | Device |  Up  |          Address           |      Mask     | Scope  |     Hw-Address    |
[   13.056289] cloud-init[692]: ci-info: +--------+------+----------------------------+---------------+--------+-------------------+
[   13.060744] cloud-init[692]: ci-info: | enp0s3 | True |         10.0.2.15          | 255.255.255.0 | global | 02:10:52:19:d1:7d |
[   13.065806] cloud-init[692]: ci-info: | enp0s3 | True | fe80::10:52ff:fe19:d17d/64 |       .       |  link  | 02:10:52:19:d1:7d |
[   13.068747] cloud-init[692]: ci-info: |   lo   | True |         127.0.0.1          |   255.0.0.0   |  host  |         .         |
[   13.071535] cloud-init[692]: ci-info: |   lo   | True |          ::1/128           |       .       |  host  |         .         |
[   13.075007] cloud-init[692]: ci-info: +--------+------+----------------------------+---------------+--------+-------------------+
[   13.077971] cloud-init[692]: ci-info: ++++++++++++++++++++++++++++Route IPv4 info+++++++++++++++++++++++++++++
[   13.080607] cloud-init[692]: ci-info: +-------+-------------+----------+-----------------+-----------+-------+
[   13.083562] cloud-init[692]: ci-info: | Route | Destination | Gateway  |     Genmask     | Interface | Flags |
[   13.086693] cloud-init[692]: ci-info: +-------+-------------+----------+-----------------+-----------+-------+
[   13.089094] cloud-init[692]: ci-info: |   0   |   0.0.0.0   | 10.0.2.2 |     0.0.0.0     |   enp0s3  |   UG  |
[   13.092379] cloud-init[692]: ci-info: |   1   |   10.0.2.0  | 0.0.0.0  |  255.255.255.0  |   enp0s3  |   U   |
[   13.095543] cloud-init[692]: ci-info: |   2   |   10.0.2.2  | 0.0.0.0  | 255.255.255.255 |   enp0s3  |   UH  |
[   13.098922] cloud-init[692]: ci-info: +-------+-------------+----------+-----------------+-----------+-------+
[   13.101756] cloud-init[692]: ci-info: +++++++++++++++++++Route IPv6 info+++++++++++++++++++
[   13.104575] cloud-init[692]: ci-info: +-------+-------------+---------+-----------+-------+
[   13.107366] cloud-init[692]: ci-info: | Route | Destination | Gateway | Interface | Flags |
[   13.109720] cloud-init[692]: ci-info: +-------+-------------+---------+-----------+-------+
[   13.112199] cloud-init[692]: ci-info: |   1   |  fe80::/64  |    ::   |   enp0s3  |   U   |
[   13.114323] cloud-init[692]: ci-info: |   3   |    local    |    ::   |   enp0s3  |   U   |
[   13.116551] cloud-init[692]: ci-info: |   4   |   ff00::/8  |    ::   |   enp0s3  |   U   |
[   13.118802] cloud-init[692]: ci-info: +-------+-------------+---------+-----------+-------+
[   14.316023] cloud-init[692]: Generating public/private rsa key pair.
[   14.318017] cloud-init[692]: Your identification has been saved in /etc/ssh/ssh_host_rsa_key.
[   14.320377] cloud-init[692]: Your public key has been saved in /etc/ssh/ssh_host_rsa_key.pub.
[   14.323297] cloud-init[692]: The key fingerprint is:
[   14.325458] cloud-init[692]: SHA256:SNGAHxH6DJTczdnVDc330pMnC6liVHLYaDgiDCwRD/o root@ubuntu-bionic
[   14.329074] cloud-init[692]: The key's randomart image is:
[   14.331047] cloud-init[692]: +---[RSA 2048]----+
[   14.332397] cloud-init[692]: |*= ..+=O * ....= |
[   14.333838] cloud-init[692]: |o+o.=.=.X =   . =|
[   14.335808] cloud-init[692]: |o ..oo.+ +   . .+|
[   14.337261] cloud-init[692]: | .   =...   o oo+|
[   14.338633] cloud-init[692]: |  E   +.S  . . +o|
[   14.340089] cloud-init[692]: |        o .   .  |
[   14.341490] cloud-init[692]: |       . .       |
[   14.342891] cloud-init[692]: |                 |
[   14.344588] cloud-init[692]: |                 |
[   14.346342] cloud-init[692]: +----[SHA256]-----+
[   14.348027] cloud-init[692]: Generating public/private dsa key pair.
[   14.350039] cloud-init[692]: Your identification has been saved in /etc/ssh/ssh_host_dsa_key.
[   14.352883] cloud-init[692]: Your public key has been saved in /etc/ssh/ssh_host_dsa_key.pub.
[   14.355853] cloud-init[692]: The key fingerprint is:
[   14.357501] cloud-init[692]: SHA256:LzfEHO8qJMJfAL+Suokrz2pQbSKR5gpSHMxqSCLEFQk root@ubuntu-bionic
[   14.360583] cloud-init[692]: The key's randomart image is:
[   14.362455] cloud-init[692]: +---[DSA 1024]----+
[   14.363956] cloud-init[692]: |oE++o            |
[   14.365322] cloud-init[692]: |=+=..            |
[   14.367086] cloud-init[692]: |B+ . o    .      |
[   14.368754] cloud-init[692]: |*oo o o  o o     |
[   14.373173] cloud-init[692]: |=o + . oS + .    |
[   14.374288] cloud-init[692]: |o   = o oo .     |
[   14.375367] cloud-init[692]: |.  . + +. + .    |
[   14.376474] cloud-init[692]: |.+..  . .o o     |
[   14.377800] cloud-init[692]: |*+=.     ..      |
[   14.378949] cloud-init[692]: +----[SHA256]-----+
[   14.380424] cloud-init[692]: Generating public/private ecdsa key pair.
[   14.382189] cloud-init[692]: Your identification has been saved in /etc/ssh/ssh_host_ecdsa_key.
[   14.384140] cloud-init[692]: Your public key has been saved in /etc/ssh/ssh_host_ecdsa_key.pub.
[   14.386665] cloud-init[692]: The key fingerprint is:
[   14.388007] cloud-init[692]: SHA256:7B+Fb8+Stk/CsYG0SKEomaeQgv0lAWSXcSx6MzfFh+k root@ubuntu-bionic
[   14.390273] cloud-init[692]: The key's randomart image is:
[   14.391902] cloud-init[692]: +---[ECDSA 256]---+
[   14.393118] cloud-init[692]: | .+.++...o       |
[   14.408302] cloud-init[692]: |.+ +o+..=..      |
[   14.409681] cloud-init[692]: |= =.+.oo...      |
[   14.410982] cloud-init[692]: |...=+oooEo +     |
[   14.412305] cloud-init[692]: |  ...+ .S + +    |
[   14.424322] cloud-init[692]: |       .   + +   |
[   14.425974] cloud-init[692]: |        . . *..  |
[   14.427638] cloud-init[692]: |         . o+=   |
[   14.429355] cloud-init[692]: |          ...++  |
[   14.431061] cloud-init[692]: +----[SHA256]-----+
[   14.432750] cloud-init[692]: Generating public/private ed25519 key pair.
[   14.434808] cloud-init[692]: Your identification has been saved in /etc/ssh/ssh_host_ed25519_key.
[   14.437621] cloud-init[692]: Your public key has been saved in /etc/ssh/ssh_host_ed25519_key.pub.
[   14.440682] cloud-init[692]: The key fingerprint is:
[   14.442597] cloud-init[692]: SHA256:AyCADWn/ipPmJm7kJyP+SKlZSbPf/BHQ0tnq1M1Vtxo root@ubuntu-bionic
[   14.445493] cloud-init[692]: The key's randomart image is:
[   14.447451] cloud-init[692]: +--[ED25519 256]--+
[   14.449089] cloud-init[692]: |+=. .           o|
[   14.450807] cloud-init[692]: |o... . o o     .o|
[   14.452674] cloud-init[692]: |. .   + + .  E.. |
[   14.454262] cloud-init[692]: |   .   + o o .o  |
[   14.455876] cloud-init[692]: |  o .   S . o.   |
[   14.457412] cloud-init[692]: | o.+ . o o       |
[   14.459074] cloud-init[692]: |oo* .   o        |
[   14.461249] cloud-init[692]: |=&.+ o   .       |
[   14.464191] cloud-init[692]: |%=*.. o..        |
[   14.465842] cloud-init[692]: +----[SHA256]-----+
[[0;32m  OK  [0m] Started Initial cloud-init job (metadata service crawler).
[[0;32m  OK  [0m] Reached target System Initialization.
[[0;32m  OK  [0m] Started Trigger to poll for Ubuntu …(Only enabled on GCP LTS non-pro).
[[0;32m  OK  [0m] Started Discard unused blocks once a week.
[[0;32m  OK  [0m] Listening on UUID daemon activation socket.
[[0;32m  OK  [0m] Listening on cloud-init hotplug hook socket.
         Starting LXD - unix socket.
[[0;32m  OK  [0m] Started Ubuntu Advantage Timer for running repeated jobs.
[[0;32m  OK  [0m] Listening on ACPID Listen Socket.
[[0;32m  OK  [0m] Listening on D-Bus System Message Bus Socket.
[[0;32m  OK  [0m] Listening on Open-iSCSI iscsid Socket.
[[0;32m  OK  [0m] Started Message of the Day.
[[0;32m  OK  [0m] Started Daily Cleanup of Temporary Directories.
         Starting Socket activation for snappy daemon.
[[0;32m  OK  [0m] Started ACPI Events Check.
[[0;32m  OK  [0m] Reached target Paths.
[[0;32m  OK  [0m] Started Daily apt download activities.
[[0;32m  OK  [0m] Started Daily apt upgrade and clean activities.
[[0;32m  OK  [0m] Reached target Timers.
[[0;32m  OK  [0m] Reached target Network is Online.
         Starting Availability of block devices...
[[0;32m  OK  [0m] Reached target Remote File Systems (Pre).
[[0;32m  OK  [0m] Reached target Remote File Systems.
[[0;32m  OK  [0m] Reached target Cloud-config availability.
[[0;32m  OK  [0m] Listening on LXD - unix socket.
[[0;32m  OK  [0m] Listening on Socket activation for snappy daemon.
[[0;32m  OK  [0m] Reached target Sockets.
[[0;32m  OK  [0m] Reached target Basic System.
         Starting Virtualbox guest utils...
[[0;32m  OK  [0m] Started irqbalance daemon.
[[0;32m  OK  [0m] Started FUSE filesystem for LXC.
         Starting LSB: Record successful boot for GRUB...
         Starting LXD - container startup/shutdown...
         Starting Pollinate to seed the pseudo random number generator...
[[0;32m  OK  [0m] Started Regular background program processing daemon.
[[0;32m  OK  [0m] Started Deferred execution scheduler.
         Starting System Logging Service...
         Starting Dispatcher daemon for systemd-networkd...
         Starting Login Service...
         Starting Snap Daemon...
         Starting Permit User Sessions...
         Starting LSB: automatic crash report generation...
         Starting Accounts Service...
[[0;32m  OK  [0m] Started D-Bus System Message Bus.
[[0;32m  OK  [0m] Started System Logging Service.
[[0;32m  OK  [0m] Started Availability of block devices.
[[0;32m  OK  [0m] Started Permit User Sessions.
[[0;32m  OK  [0m] Started Login Service.
[[0;32m  OK  [0m] Started Unattended Upgrades Shutdown.
         Starting Hold until boot process finishes up...
         Starting Terminate Plymouth Boot Screen...
[[0;32m  OK  [0m] Started Hold until boot process finishes up.
[[0;32m  OK  [0m] Started Serial Getty on ttyS0.
         Starting Set console scheme...
[[0;32m  OK  [0m] Started Terminate Plymouth Boot Screen.
[[0;32m  OK  [0m] Started Set console scheme.
[[0;32m  OK  [0m] Created slice system-getty.slice.
[[0;32m  OK  [0m] Started Getty on tty1.
[[0;32m  OK  [0m] Reached target Login Prompts.
[[0;32m  OK  [0m] Started LXD - container startup/shutdown.
[[0;32m  OK  [0m] Started LSB: automatic crash report generation.
[[0;32m  OK  [0m] Started LSB: Record successful boot for GRUB.
         Starting Authorization Manager...
[[0;32m  OK  [0m] Started Dispatcher daemon for systemd-networkd.
[[0;32m  OK  [0m] Started Virtualbox guest utils.
[[0;32m  OK  [0m] Started Authorization Manager.
[[0;32m  OK  [0m] Started Accounts Service.
[[0;32m  OK  [0m] Started Snap Daemon.
         Starting Wait until snapd is fully seeded...
[[0;32m  OK  [0m] Started Pollinate to seed the pseudo random number generator.
         Starting OpenBSD Secure Shell server...
[[0;32m  OK  [0m] Started OpenBSD Secure Shell server.
[[0;32m  OK  [0m] Created slice User Slice of vagrant.
         Starting User Manager for UID 1000...
[[0;32m  OK  [0m] Started Session 1 of user vagrant.
[[0;32m  OK  [0m] Started User Manager for UID 1000.
[[0;32m  OK  [0m] Started Wait until snapd is fully seeded.
         Starting Apply the settings specified in cloud-config...
[[0;32m  OK  [0m] Reached target Multi-User System.
[[0;32m  OK  [0m] Reached target Graphical Interface.
         Starting Update UTMP about System Runlevel Changes...
[[0;32m  OK  [0m] Started Update UTMP about System Runlevel Changes.
[   20.960020] cloud-init[1211]: Cloud-init v. 21.3-1-g6803368d-0ubuntu1~18.04.4 running 'modules:config' at Wed, 10 Nov 2021 12:51:42 +0000. Up 19.47 seconds.

Ubuntu 18.04.6 LTS ubuntu-bionic ttyS0

ubuntu-bionic login: ci-info: no authorized SSH keys fingerprints found for user ubuntu.
<14>Nov 10 12:51:45 cloud-init: #############################################################
<14>Nov 10 12:51:45 cloud-init: -----BEGIN SSH HOST KEY FINGERPRINTS-----
<14>Nov 10 12:51:45 cloud-init: 1024 SHA256:LzfEHO8qJMJfAL+Suokrz2pQbSKR5gpSHMxqSCLEFQk root@ubuntu-bionic (DSA)
<14>Nov 10 12:51:45 cloud-init: 256 SHA256:7B+Fb8+Stk/CsYG0SKEomaeQgv0lAWSXcSx6MzfFh+k root@ubuntu-bionic (ECDSA)
<14>Nov 10 12:51:45 cloud-init: 256 SHA256:AyCADWn/ipPmJm7kJyP+SKlZSbPf/BHQ0tnq1M1Vtxo root@ubuntu-bionic (ED25519)
<14>Nov 10 12:51:45 cloud-init: 2048 SHA256:SNGAHxH6DJTczdnVDc330pMnC6liVHLYaDgiDCwRD/o root@ubuntu-bionic (RSA)
<14>Nov 10 12:51:45 cloud-init: -----END SSH HOST KEY FINGERPRINTS-----
<14>Nov 10 12:51:45 cloud-init: #############################################################
-----BEGIN SSH HOST KEY KEYS-----
ecdsa-sha2-nistp256 AAAAE2VjZHNhLXNoYTItbmlzdHAyNTYAAAAIbmlzdHAyNTYAAABBBGC53QfcNeu+W3C9pPlSOm8JnD8gVQkrLO5rFVUobx9GDc5S3VOMYFCIvIE0xZ322xvZ0Mz9WAsZmFjC0WUh+Ys= root@ubuntu-bionic
ssh-ed25519 AAAAC3NzaC1lZDI1NTE5AAAAIIblvwuFIS81a3araPrIYrD8U44Zt+XmooKSiHmvurHr root@ubuntu-bionic
ssh-rsa AAAAB3NzaC1yc2EAAAADAQABAAABAQDRdIEBnoWygtaFeAbxp34PVqBz1qkMxST3YnaMkYmEZbDaswYc9fLBDzmw+zRQeY3XpeGSny5XIS4DhtcIsfX3PBBrZVeImggo0cR3+ZbPgsImgiGr2hr4ihkPPjQ74fcTh74Jpz12KnoFoyoiCSimPU7sTayRzoSulWeVBYlZoHC5ddSALVIamAOxNHiXUtDGwvgR6/4REMlrTgi8epx7G760X8CBn5YEQzK3Bh9LAIjk15V4zDvPU6QPmFAZAtFuckm8guv7vmMkMenNJ9XfW0oXqpfF8iZft+H+B1LJtdjAuDntyaxhVeVg1dXD+m2VipyDePwjtIqSBIm5PEpl root@ubuntu-bionic
-----END SSH HOST KEY KEYS-----
[   22.309566] cloud-init[1357]: Cloud-init v. 21.3-1-g6803368d-0ubuntu1~18.04.4 running 'modules:final' at Wed, 10 Nov 2021 12:51:45 +0000. Up 21.99 seconds.
[   22.309720] cloud-init[1357]: ci-info: no authorized SSH keys fingerprints found for user ubuntu.
[   22.309820] cloud-init[1357]: Cloud-init v. 21.3-1-g6803368d-0ubuntu1~18.04.4 finished at Wed, 10 Nov 2021 12:51:45 +0000. Datasource DataSourceNoCloud [seed=/dev/sdb][dsmode=net].  Up 22.28 seconds
